Build started 3/14/2017 4:55:29 PM.
     1>Project "C:\Users\Soham\Desktop\hash\Hashing.vcxproj" on node 2 (Build target(s)).
     1>ClCompile:
         C:\Program Files (x86)\Microsoft Visual Studio 12.0\VC\bin\CL.exe /c /ZI /nologo /W3 /WX- /sdl /Od /Oy- /D _MBCS /Gm /EHsc /RTC1 /MDd /GS /fp:precise /Zc:wchar_t /Zc:forScope /Fo"Debug\\" /Fd"Debug\vc120.pdb" /Gd /TP /analyze- /errorReport:prompt main.cpp
         main.cpp
     1>c:\users\soham\desktop\hash\bloomfilter.h(238): warning C4018: '<' : signed/unsigned mismatch
                 c:\users\soham\desktop\hash\bloomfilter.h(236) : while compiling class template member function 'int BloomFilter<std::string>::hashFunc4(K &)'
                 with
                 [
                     K=std::string
                 ]
                 c:\users\soham\desktop\hash\bloomfilter.h(251) : see reference to function template instantiation 'int BloomFilter<std::string>::hashFunc4(K &)' being compiled
                 with
                 [
                     K=std::string
                 ]
                 c:\users\soham\desktop\hash\main.cpp(58) : see reference to class template instantiation 'BloomFilter<std::string>' being compiled
       Link:
         C:\Program Files (x86)\Microsoft Visual Studio 12.0\VC\bin\link.exe /ERRORREPORT:PROMPT /OUT:"C:\Users\Soham\Desktop\hash\Debug\Hashing.exe" /INCREMENTAL /NOLOGO kernel32.lib user32.lib gdi32.lib winspool.lib comdlg32.lib advapi32.lib shell32.lib ole32.lib oleaut32.lib uuid.lib odbc32.lib odbccp32.lib /MANIFEST /MANIFESTUAC:"level='asInvoker' uiAccess='false'" /manifest:embed /DEBUG /PDB:"C:\Users\Soham\Desktop\hash\Debug\Hashing.pdb" /TLBID:1 /DYNAMICBASE /NXCOMPAT /IMPLIB:"C:\Users\Soham\Desktop\hash\Debug\Hashing.lib" /MACHINE:X86 Debug\main.obj
         Hashing.vcxproj -> C:\Users\Soham\Desktop\hash\Debug\Hashing.exe
     1>Done Building Project "C:\Users\Soham\Desktop\hash\Hashing.vcxproj" (Build target(s)).

Build succeeded.

Time Elapsed 00:00:05.96
